<?xml version="1.0" encoding="UTF-8"?>
<!-- Generated by org.testng.reporters.JUnitXMLReporter -->
<testsuite hostname="LAPTOP-I6K0391G" ignored="0" name="Test" tests="2" failures="0" timestamp="22 Jan 2022 17:07:05 GMT" time="55.953" errors="0">
  <testcase name="CreateContactTest" time="13.609" classname="com.crm.comcast.contacttest.CreateContactTest"/>
  <testcase name="createContactWithOrgTest" time="22.829" classname="com.crm.comcast.contacttest.CreateContactTest"/>
</testsuite> <!-- Test -->
