<?xml version="1.0" encoding="UTF-8"?>
<testng-results skipped="0" failed="1" ignored="2" total="6" passed="3">
  <reporter-output>
  </reporter-output>
  <suite name="FullregressionTest" duration-ms="164978" started-at="2022-01-28T12:41:45Z" finished-at="2022-01-28T12:44:30Z">
    <groups>
      <group name="regressionTest">
        <method signature="createOrgTest.createOrgWithindustytest()[pri:0, instance:com.crm.comcast.orgTest.createOrgTest@66480dd7]" name="createOrgWithindustytest" class="com.crm.comcast.orgTest.createOrgTest"/>
      </group> <!-- regressionTest -->
      <group name="regressionTests">
        <method signature="CreateContactTest.createContactWithOrgTest()[pri:0, instance:com.crm.comcast.contacttest.CreateContactTest@52a86356]" name="createContactWithOrgTest" class="com.crm.comcast.contacttest.CreateContactTest"/>
      </group> <!-- regressionTests -->
      <group name="smokeTest">
        <method signature="CreateContactTest.CreateContactTest()[pri:0, instance:com.crm.comcast.contacttest.CreateContactTest@52a86356]" name="CreateContactTest" class="com.crm.comcast.contacttest.CreateContactTest"/>
        <method signature="createOrgTest.createOrgTest()[pri:0, instance:com.crm.comcast.orgTest.createOrgTest@66480dd7]" name="createOrgTest" class="com.crm.comcast.orgTest.createOrgTest"/>
      </group> <!-- smokeTest -->
    </groups>
    <test name="TestRunner-1" duration-ms="164978" started-at="2022-01-28T12:41:45Z" finished-at="2022-01-28T12:44:30Z">
      <class name="com.crm.comcast.contacttest.CreateContactTest">
        <test-method status="PASS" signature="configBc()[pri:0, instance:com.crm.comcast.contacttest.CreateContactTest@52a86356]" name="configBc" is-config="true" duration-ms="1851" started-at="2022-01-28T12:43:17Z" finished-at="2022-01-28T12:43:19Z">
          <reporter-output>
          </reporter-output>
        </test-method> <!-- configBc -->
        <test-method status="PASS" signature="configBM()[pri:0, instance:com.crm.comcast.contacttest.CreateContactTest@52a86356]" name="configBM" is-config="true" duration-ms="6975" started-at="2022-01-28T12:43:19Z" finished-at="2022-01-28T12:43:26Z">
          <reporter-output>
          </reporter-output>
        </test-method> <!-- configBM -->
        <test-method status="PASS" signature="CreateContactTest()[pri:0, instance:com.crm.comcast.contacttest.CreateContactTest@52a86356]" name="CreateContactTest" duration-ms="18053" started-at="2022-01-28T12:43:26Z" finished-at="2022-01-28T12:43:44Z">
          <reporter-output>
          </reporter-output>
        </test-method> <!-- CreateContactTest -->
        <test-method status="PASS" signature="configAM()[pri:0, instance:com.crm.comcast.contacttest.CreateContactTest@52a86356]" name="configAM" is-config="true" duration-ms="3799" started-at="2022-01-28T12:43:44Z" finished-at="2022-01-28T12:43:48Z">
          <reporter-output>
          </reporter-output>
        </test-method> <!-- configAM -->
        <test-method status="PASS" signature="configBM()[pri:0, instance:com.crm.comcast.contacttest.CreateContactTest@52a86356]" name="configBM" is-config="true" duration-ms="3458" started-at="2022-01-28T12:43:48Z" finished-at="2022-01-28T12:43:51Z">
          <reporter-output>
          </reporter-output>
        </test-method> <!-- configBM -->
        <test-method status="PASS" signature="createContactWithOrgTest()[pri:0, instance:com.crm.comcast.contacttest.CreateContactTest@52a86356]" name="createContactWithOrgTest" duration-ms="35733" started-at="2022-01-28T12:43:51Z" finished-at="2022-01-28T12:44:27Z">
          <reporter-output>
          </reporter-output>
        </test-method> <!-- createContactWithOrgTest -->
        <test-method status="PASS" signature="configAM()[pri:0, instance:com.crm.comcast.contacttest.CreateContactTest@52a86356]" name="configAM" is-config="true" duration-ms="1573" started-at="2022-01-28T12:44:27Z" finished-at="2022-01-28T12:44:28Z">
          <reporter-output>
          </reporter-output>
        </test-method> <!-- configAM -->
        <test-method status="PASS" signature="configAc()[pri:0, instance:com.crm.comcast.contacttest.CreateContactTest@52a86356]" name="configAc" is-config="true" duration-ms="1558" started-at="2022-01-28T12:44:28Z" finished-at="2022-01-28T12:44:30Z">
          <reporter-output>
          </reporter-output>
        </test-method> <!-- configAc -->
      </class> <!-- com.crm.comcast.contacttest.CreateContactTest -->
      <class name="com.crm.comcast.orgTest.createOrgTest">
        <test-method status="PASS" signature="configBS()[pri:0, instance:com.crm.comcast.orgTest.createOrgTest@66480dd7]" name="configBS" is-config="true" duration-ms="12" started-at="2022-01-28T12:41:45Z" finished-at="2022-01-28T12:41:45Z">
          <reporter-output>
          </reporter-output>
        </test-method> <!-- configBS -->
        <test-method status="PASS" signature="configBc()[pri:0, instance:com.crm.comcast.orgTest.createOrgTest@66480dd7]" name="configBc" is-config="true" duration-ms="8628" started-at="2022-01-28T12:41:45Z" finished-at="2022-01-28T12:41:54Z">
          <reporter-output>
          </reporter-output>
        </test-method> <!-- configBc -->
        <test-method status="PASS" signature="configBM()[pri:0, instance:com.crm.comcast.orgTest.createOrgTest@66480dd7]" name="configBM" is-config="true" duration-ms="30069" started-at="2022-01-28T12:41:54Z" finished-at="2022-01-28T12:42:24Z">
          <reporter-output>
          </reporter-output>
        </test-method> <!-- configBM -->
        <test-method status="PASS" signature="createOrgTest()[pri:0, instance:com.crm.comcast.orgTest.createOrgTest@66480dd7]" name="createOrgTest" duration-ms="27206" started-at="2022-01-28T12:42:24Z" finished-at="2022-01-28T12:42:51Z">
          <reporter-output>
          </reporter-output>
        </test-method> <!-- createOrgTest -->
        <test-method status="PASS" signature="configAM()[pri:0, instance:com.crm.comcast.orgTest.createOrgTest@66480dd7]" name="configAM" is-config="true" duration-ms="4509" started-at="2022-01-28T12:42:51Z" finished-at="2022-01-28T12:42:56Z">
          <reporter-output>
          </reporter-output>
        </test-method> <!-- configAM -->
        <test-method status="PASS" signature="configBM()[pri:0, instance:com.crm.comcast.orgTest.createOrgTest@66480dd7]" name="configBM" is-config="true" duration-ms="3693" started-at="2022-01-28T12:42:56Z" finished-at="2022-01-28T12:42:59Z">
          <reporter-output>
          </reporter-output>
        </test-method> <!-- configBM -->
        <test-method status="FAIL" signature="createOrgWithindustytest()[pri:0, instance:com.crm.comcast.orgTest.createOrgTest@66480dd7]" name="createOrgWithindustytest" duration-ms="12109" started-at="2022-01-28T12:42:59Z" finished-at="2022-01-28T12:43:11Z">
          <exception class="org.openqa.selenium.UnhandledAlertException">
            <message>
              <![CDATA[unexpected alert open: {Alert text : Organization Name Already Exists!}
  (Session info: chrome=97.0.4692.99): Organization Name Already Exists!
Build info: version: '3.141.59', revision: 'e82be7d358', time: '2018-11-14T08:17:03'
System info: host: 'LAPTOP-I6K0391G', ip: '192.168.43.127', os.name: 'Windows 10', os.arch: 'amd64', os.version: '10.0', java.version: '1.8.0_202'
Driver info: org.openqa.selenium.chrome.ChromeDriver
Capabilities {acceptInsecureCerts: false, browserName: chrome, browserVersion: 97.0.4692.99, chrome: {chromedriverVersion: 96.0.4664.45 (76e4c1bb2ab46..., userDataDir: C:\Users\CDITBI~1\AppData\L...}, goog:chromeOptions: {debuggerAddress: localhost:60102}, javascriptEnabled: true, networkConnectionEnabled: false, pageLoadStrategy: normal, platform: WINDOWS, platformName: WINDOWS, proxy: Proxy(), setWindowRect: true, strictFileInteractability: false, timeouts: {implicit: 0, pageLoad: 300000, script: 30000}, unhandledPromptBehavior: dismiss and notify, webauthn:extension:credBlob: true, webauthn:extension:largeBlob: true, webauthn:virtualAuthenticators: true}
Session ID: abb584e9fcb0aae57a0e6ebcec2f21da
*** Element info: {Using=xpath, value=//span[@class='dvHeaderText']}]]>
            </message>
            <full-stacktrace>
              <![CDATA[org.openqa.selenium.UnhandledAlertException: unexpected alert open: {Alert text : Organization Name Already Exists!}
  (Session info: chrome=97.0.4692.99): Organization Name Already Exists!
Build info: version: '3.141.59', revision: 'e82be7d358', time: '2018-11-14T08:17:03'
System info: host: 'LAPTOP-I6K0391G', ip: '192.168.43.127', os.name: 'Windows 10', os.arch: 'amd64', os.version: '10.0', java.version: '1.8.0_202'
Driver info: org.openqa.selenium.chrome.ChromeDriver
Capabilities {acceptInsecureCerts: false, browserName: chrome, browserVersion: 97.0.4692.99, chrome: {chromedriverVersion: 96.0.4664.45 (76e4c1bb2ab46..., userDataDir: C:\Users\CDITBI~1\AppData\L...}, goog:chromeOptions: {debuggerAddress: localhost:60102}, javascriptEnabled: true, networkConnectionEnabled: false, pageLoadStrategy: normal, platform: WINDOWS, platformName: WINDOWS, proxy: Proxy(), setWindowRect: true, strictFileInteractability: false, timeouts: {implicit: 0, pageLoad: 300000, script: 30000}, unhandledPromptBehavior: dismiss and notify, webauthn:extension:credBlob: true, webauthn:extension:largeBlob: true, webauthn:virtualAuthenticators: true}
Session ID: abb584e9fcb0aae57a0e6ebcec2f21da
*** Element info: {Using=xpath, value=//span[@class='dvHeaderText']}
at org.openqa.selenium.remote.http.W3CHttpResponseCodec.decode(W3CHttpResponseCodec.java:120)
at org.openqa.selenium.remote.http.W3CHttpResponseCodec.decode(W3CHttpResponseCodec.java:49)
at org.openqa.selenium.remote.HttpCommandExecutor.execute(HttpCommandExecutor.java:158)
at org.openqa.selenium.remote.service.DriverCommandExecutor.execute(DriverCommandExecutor.java:83)
at org.openqa.selenium.remote.RemoteWebDriver.execute(RemoteWebDriver.java:552)
at org.openqa.selenium.remote.RemoteWebDriver.findElement(RemoteWebDriver.java:323)
at org.openqa.selenium.remote.RemoteWebDriver.findElementByXPath(RemoteWebDriver.java:428)
at org.openqa.selenium.By$ByXPath.findElement(By.java:353)
at org.openqa.selenium.remote.RemoteWebDriver.findElement(RemoteWebDriver.java:315)
at org.openqa.selenium.support.pagefactory.DefaultElementLocator.findElement(DefaultElementLocator.java:69)
at org.openqa.selenium.support.pagefactory.internal.LocatingElementHandler.invoke(LocatingElementHandler.java:38)
at com.sun.proxy.$Proxy16.isDisplayed(Unknown Source)
at org.openqa.selenium.support.ui.ExpectedConditions.elementIfVisible(ExpectedConditions.java:314)
at org.openqa.selenium.support.ui.ExpectedConditions.access$000(ExpectedConditions.java:43)
at org.openqa.selenium.support.ui.ExpectedConditions$10.apply(ExpectedConditions.java:300)
at org.openqa.selenium.support.ui.ExpectedConditions$10.apply(ExpectedConditions.java:297)
at org.openqa.selenium.support.ui.FluentWait.until(FluentWait.java:249)
at com.comcast.generalUtility.webdriverUtility.waitForElementVisibility(webdriverUtility.java:45)
at com.crm.comcast.orgTest.createOrgTest.createOrgWithindustytest(createOrgTest.java:74)
at sun.reflect.NativeMethodAccessorImpl.invoke0(Native Method)
at sun.reflect.NativeMethodAccessorImpl.invoke(Unknown Source)
at sun.reflect.DelegatingMethodAccessorImpl.invoke(Unknown Source)
at java.lang.reflect.Method.invoke(Unknown Source)
at org.testng.internal.MethodInvocationHelper.invokeMethod(MethodInvocationHelper.java:124)
at org.testng.internal.Invoker.invokeMethod(Invoker.java:583)
at org.testng.internal.Invoker.invokeTestMethod(Invoker.java:719)
at org.testng.internal.Invoker.invokeTestMethods(Invoker.java:989)
at org.testng.internal.TestMethodWorker.invokeTestMethods(TestMethodWorker.java:125)
at org.testng.internal.TestMethodWorker.run(TestMethodWorker.java:109)
at org.testng.TestRunner.privateRun(TestRunner.java:648)
at org.testng.TestRunner.run(TestRunner.java:505)
at org.testng.SuiteRunner.runTest(SuiteRunner.java:455)
at org.testng.SuiteRunner.runSequentially(SuiteRunner.java:450)
at org.testng.SuiteRunner.privateRun(SuiteRunner.java:415)
at org.testng.SuiteRunner.run(SuiteRunner.java:364)
at org.testng.SuiteRunnerWorker.runSuite(SuiteRunnerWorker.java:52)
at org.testng.SuiteRunnerWorker.run(SuiteRunnerWorker.java:84)
at org.testng.TestNG.runSuitesSequentially(TestNG.java:1208)
at org.testng.TestNG.runSuitesLocally(TestNG.java:1137)
at org.testng.TestNG.runSuites(TestNG.java:1049)
at org.testng.TestNG.run(TestNG.java:1017)
at org.testng.remote.AbstractRemoteTestNG.run(AbstractRemoteTestNG.java:114)
at org.testng.remote.RemoteTestNG.initAndRun(RemoteTestNG.java:251)
at org.testng.remote.RemoteTestNG.main(RemoteTestNG.java:77)
]]>
            </full-stacktrace>
          </exception> <!-- org.openqa.selenium.UnhandledAlertException -->
          <reporter-output>
          </reporter-output>
        </test-method> <!-- createOrgWithindustytest -->
        <test-method status="PASS" signature="configAM()[pri:0, instance:com.crm.comcast.orgTest.createOrgTest@66480dd7]" name="configAM" is-config="true" duration-ms="2998" started-at="2022-01-28T12:43:13Z" finished-at="2022-01-28T12:43:16Z">
          <reporter-output>
          </reporter-output>
        </test-method> <!-- configAM -->
        <test-method status="PASS" signature="configAc()[pri:0, instance:com.crm.comcast.orgTest.createOrgTest@66480dd7]" name="configAc" is-config="true" duration-ms="900" started-at="2022-01-28T12:43:16Z" finished-at="2022-01-28T12:43:17Z">
          <reporter-output>
          </reporter-output>
        </test-method> <!-- configAc -->
        <test-method status="PASS" signature="configAS()[pri:0, instance:com.crm.comcast.orgTest.createOrgTest@66480dd7]" name="configAS" is-config="true" duration-ms="0" started-at="2022-01-28T12:44:31Z" finished-at="2022-01-28T12:44:31Z">
          <reporter-output>
          </reporter-output>
        </test-method> <!-- configAS -->
      </class> <!-- com.crm.comcast.orgTest.createOrgTest -->
    </test> <!-- TestRunner-1 -->
  </suite> <!-- FullregressionTest -->
</testng-results>
