<?xml version="1.0" encoding="UTF-8"?>
<!-- Generated by org.testng.reporters.JUnitXMLReporter -->
<testsuite hostname="LAPTOP-I6K0391G" ignored="4" name="Test" tests="2" failures="0" timestamp="21 Jan 2022 08:30:50 GMT" time="56.142" errors="0">
  <testcase name="createOrgTest" time="12.286" classname="com.crm.comcast.orgTest.createOrgTest"/>
  <testcase name="CreateContactTest" time="13.75" classname="com.crm.comcast.contacttest.CreateContactTest"/>
  <testcase name="@AfterSuite configAS" time="0.0" classname="com.comcast.generalUtility.BaseClass">
    <ignored/>
  </testcase> <!-- @AfterSuite configAS -->
  <testcase name="@BeforeSuite configBS" time="0.0" classname="com.comcast.generalUtility.BaseClass">
    <ignored/>
  </testcase> <!-- @BeforeSuite configBS -->
  <testcase name="createContactWithOrgTest" time="0.0" classname="com.crm.comcast.contacttest.CreateContactTest">
    <ignored/>
  </testcase> <!-- createContactWithOrgTest -->
  <testcase name="createOrgWithindustytest" time="0.0" classname="com.crm.comcast.orgTest.createOrgTest">
    <ignored/>
  </testcase> <!-- createOrgWithindustytest -->
</testsuite> <!-- Test -->
